2020-11-13 11:47:05,354 - instabot version: 0.117.0 (bot) - INFO - Instabot version: 0.117.0 Started
2020-11-13 11:47:05,354 - instabot version: 0.117.0 (bot) - DEBUG - Bot imported from C:\mskdl6\FINAMPYME\IGScheduler\lib\site-packages\instabot\bot\bot.py
2020-11-13 11:47:05,383 - instabot version: 0.117.0 (api_login) - DEBUG - Loading cookies
2020-11-13 11:47:05,383 - instabot version: 0.117.0 (api_login) - DEBUG - Loading uuids
2020-11-13 11:47:05,383 - instabot version: 0.117.0 (api_login) - INFO - Recovery from C:\mskdl6\FINAMPYME\IGScheduler\src/config/testingfinampyme_uuid_and_cookie.json: COOKIE True - UUIDs True - TIMING, DEVICE and ...
- user-agent=Instagram 117.0.0.28.123 Android (28/9.0; 420dpi; 1080x1920; OnePlus; ONEPLUS A3003; OnePlus3; qcom; en_US; 180322800)
- phone_id=2c8dbf29-7135-4485-a5e8-9e192267a61a
- uuid=7f860b30-2715-4773-baed-15d741df80ab
- client_session_id=9a4bf91a-ba0c-4cac-be9d-031e15c5fb2f
- device_id=android-ba21a2cd07eb18cf
2020-11-13 11:47:05,384 - instabot version: 0.117.0 (api_login) - INFO - LOGIN FLOW! Just logged-in: False
2020-11-13 11:47:10,565 - instabot version: 0.117.0 (api) - DEBUG - POST to endpoint: feed/timeline/ returned response: <Response [200]>
2020-11-13 11:47:11,607 - instabot version: 0.117.0 (api) - DEBUG - POST to endpoint: feed/reels_tray/ returned response: <Response [200]>
2020-11-13 11:47:11,609 - instabot version: 0.117.0 (api) - INFO - Logged-in successfully as 'testingfinampyme'!
2020-11-13 11:47:11,610 - instabot version: 0.117.0 (bot_checkpoint) - DEBUG - Loading Checkpoint file from: C:\mskdl6\FINAMPYME\IGScheduler\src/config/testingfinampyme.checkpoint
2020-11-13 11:47:34,336 - instabot version: 0.117.0 (api) - DEBUG - POST to endpoint: media/configure/? returned response: <Response [200]>
2020-11-13 11:47:35,297 - instabot version: 0.117.0 (api) - DEBUG - POST to endpoint: qe/expose/ returned response: <Response [200]>
2020-11-13 11:47:35,300 - instabot version: 0.117.0 (bot_photo) - INFO - Photo 'C:\mskdl6\FINAMPYME\IGScheduler\src\static\img\1605282201838.jpg' is uploaded.
2020-11-13 11:47:35,303 - instabot version: 0.117.0 (bot_checkpoint) - DEBUG - Saving Checkpoint file to: C:\mskdl6\FINAMPYME\IGScheduler\src/config/testingfinampyme.checkpoint
2020-11-13 11:47:35,305 - instabot version: 0.117.0 (bot) - INFO - Total requests: 33
