2020-11-14 02:31:14,157 - instabot version: 0.117.0 (bot) - INFO - Instabot version: 0.117.0 Started
2020-11-14 02:31:14,158 - instabot version: 0.117.0 (bot) - DEBUG - Bot imported from C:\mskdl6\FINAMPYME\IGScheduler\lib\site-packages\instabot\bot\bot.py
2020-11-14 02:31:14,221 - instabot version: 0.117.0 (api_login) - DEBUG - Loading cookies
2020-11-14 02:31:14,222 - instabot version: 0.117.0 (api_login) - DEBUG - Loading uuids
2020-11-14 02:31:14,222 - instabot version: 0.117.0 (api_login) - INFO - Recovery from C:\mskdl6\FINAMPYME\IGScheduler/config/testingfinampyme_uuid_and_cookie.json: COOKIE True - UUIDs True - TIMING, DEVICE and ...
- user-agent=Instagram 117.0.0.28.123 Android (28/9.0; 420dpi; 1080x1920; OnePlus; ONEPLUS A3003; OnePlus3; qcom; en_US; 180322800)
- phone_id=315ea9a3-9197-4f2c-843b-d202f5687144
- uuid=5c279ed9-0055-4a74-b317-c957b44c3424
- client_session_id=4aebdf08-4cac-4133-bf0b-f7ed614fc360
- device_id=android-ba21a2cd07eb18cf
2020-11-14 02:31:14,223 - instabot version: 0.117.0 (api_login) - INFO - LOGIN FLOW! Just logged-in: False
2020-11-14 02:31:15,713 - instabot version: 0.117.0 (api) - DEBUG - POST to endpoint: feed/timeline/ returned response: <Response [200]>
2020-11-14 02:31:17,624 - instabot version: 0.117.0 (api) - DEBUG - POST to endpoint: feed/reels_tray/ returned response: <Response [200]>
2020-11-14 02:31:18,117 - instabot version: 0.117.0 (api) - DEBUG - POST to endpoint: direct_v2/ranked_recipients/ returned response: <Response [200]>
2020-11-14 02:31:18,610 - instabot version: 0.117.0 (api) - DEBUG - POST to endpoint: direct_v2/ranked_recipients/ returned response: <Response [200]>
2020-11-14 02:31:19,155 - instabot version: 0.117.0 (api) - DEBUG - POST to endpoint: direct_v2/inbox/ returned response: <Response [200]>
2020-11-14 02:31:19,650 - instabot version: 0.117.0 (api) - DEBUG - GET to endpoint: direct_v2/get_presence/ returned response: <Response [200]>
2020-11-14 02:31:20,333 - instabot version: 0.117.0 (api) - DEBUG - GET to endpoint: news/inbox/?limited_activity=true&show_su=true returned response: <Response [200]>
2020-11-14 02:31:20,807 - instabot version: 0.117.0 (api) - DEBUG - GET to endpoint: users/profile_notice/ returned response: <Response [200]>
2020-11-14 02:31:22,455 - instabot version: 0.117.0 (api) - DEBUG - POST to endpoint: discover/explore/ returned response: <Response [200]>
2020-11-14 02:31:22,461 - instabot version: 0.117.0 (api) - INFO - Logged-in successfully as 'testingfinampyme'!
2020-11-14 02:31:22,461 - instabot version: 0.117.0 (bot_checkpoint) - DEBUG - Loading Checkpoint file from: C:\mskdl6\FINAMPYME\IGScheduler/config/testingfinampyme.checkpoint
2020-11-14 02:31:45,187 - instabot version: 0.117.0 (api) - DEBUG - POST to endpoint: media/configure/? returned response: <Response [200]>
2020-11-14 02:31:45,839 - instabot version: 0.117.0 (api) - DEBUG - POST to endpoint: qe/expose/ returned response: <Response [200]>
2020-11-14 02:31:45,841 - instabot version: 0.117.0 (bot_photo) - INFO - Photo 'C:\mskdl6\FINAMPYME\IGScheduler\src\static\img\1605321010521.jpg' is uploaded.
2020-11-14 02:31:45,842 - instabot version: 0.117.0 (bot_checkpoint) - DEBUG - Saving Checkpoint file to: C:\mskdl6\FINAMPYME\IGScheduler/config/testingfinampyme.checkpoint
2020-11-14 02:31:45,843 - instabot version: 0.117.0 (bot) - INFO - Total requests: 4
